time="2024-08-25T23:01:28+03:00" level=info msg="router init" func="main.go:17" file="main.main()"
time="2024-08-25T23:01:28+03:00" level=info msg="config init" func="main.go:20" file="main.main()"
time="2024-08-25T23:01:28+03:00" level=info msg="read application config" func="config.go:34" file="github.com/Henus321/boney-james-go-backend/internal/config.GetConfig.func1()"
time="2024-08-25T23:01:28+03:00" level=fatal msg="Error, open config.yml: no such file or directory" func="config.go:37" file="github.com/Henus321/boney-james-go-backend/internal/config.GetConfig.func1()"
time="2024-08-25T23:02:57+03:00" level=info msg="router init" func="main.go:17" file="main.main()"
time="2024-08-25T23:02:57+03:00" level=info msg="config init" func="main.go:20" file="main.main()"
time="2024-08-25T23:02:57+03:00" level=info msg="read application config" func="config.go:34" file="github.com/Henus321/boney-james-go-backend/internal/config.GetConfig.func1()"
time="2024-08-25T23:02:57+03:00" level=info msg="start application" func="main.go:29" file="main.start()"
time="2024-08-25T23:02:57+03:00" level=info msg="server running on http://localhost:8080" func="main.go:43" file="main.start()"
time="2024-08-25T23:25:02+03:00" level=info msg="router init" func="main.go:19" file="main.main()"
time="2024-08-25T23:25:02+03:00" level=info msg="config init" func="main.go:22" file="main.main()"
time="2024-08-25T23:25:02+03:00" level=info msg="read application config" func="config.go:33" file="github.com/Henus321/boney-james-go-backend/internal/config.GetConfig.func1()"
time="2024-08-25T23:25:02+03:00" level=info msg="db init" func="main.go:25" file="main.main()"
time="2024-08-25T23:25:02+03:00" level=info msg="start application" func="main.go:36" file="main.start()"
time="2024-08-25T23:25:02+03:00" level=info msg="server running on http://localhost:8080" func="main.go:50" file="main.start()"
time="2024-08-26T21:54:22+03:00" level=info msg="router init" func="main.go:19" file="main.main()"
time="2024-08-26T21:54:22+03:00" level=info msg="config init" func="main.go:22" file="main.main()"
time="2024-08-26T21:54:22+03:00" level=info msg="read application config" func="config.go:32" file="github.com/Henus321/boney-james-go-backend/internal/config.GetConfig.func1()"
time="2024-08-26T21:54:22+03:00" level=info msg="db init" func="main.go:25" file="main.main()"
time="2024-08-26T22:11:00+03:00" level=info msg="router init" func="main.go:20" file="main.main()"
time="2024-08-26T22:11:00+03:00" level=info msg="config init" func="main.go:23" file="main.main()"
time="2024-08-26T22:11:00+03:00" level=info msg="read application config" func="config.go:32" file="github.com/Henus321/boney-james-go-backend/internal/config.GetConfig.func1()"
time="2024-08-26T22:11:00+03:00" level=info msg="db init" func="main.go:26" file="main.main()"
time="2024-08-26T22:11:30+03:00" level=fatal msg="failed to ping mongoDB due to error: server selection error: server selection timeout, current topology: { Type: Unknown, Servers: [{ Addr: localhost:5432, Type: Unknown, Last error: dial tcp [::1]:5432: connect: connection refused }, ] }" func="main.go:29" file="main.main()"
time="2024-08-26T22:12:01+03:00" level=info msg="router init" func="main.go:20" file="main.main()"
time="2024-08-26T22:12:01+03:00" level=info msg="config init" func="main.go:23" file="main.main()"
time="2024-08-26T22:12:01+03:00" level=info msg="read application config" func="config.go:32" file="github.com/Henus321/boney-james-go-backend/internal/config.GetConfig.func1()"
time="2024-08-26T22:12:01+03:00" level=info msg="db init" func="main.go:26" file="main.main()"
time="2024-08-26T22:12:01+03:00" level=info msg="coat handler register" func="main.go:35" file="main.main()"
time="2024-08-26T22:12:01+03:00" level=info msg="start application" func="main.go:43" file="main.start()"
time="2024-08-26T22:12:01+03:00" level=info msg="server running on http://127.0.0.1:8080" func="main.go:57" file="main.start()"
time="2024-08-26T22:12:10+03:00" level=info msg="coat.storage.GetAll: success" func="storage.go:45" file="github.com/Henus321/boney-james-go-backend/internal/domain/coat.(*db).GetAll()"
time="2024-08-26T22:12:10+03:00" level=info msg="coat.handler.GetAllCoats: success" func="handler.go:49" file="github.com/Henus321/boney-james-go-backend/internal/domain/coat.(*handler).GetAllCoats()"
time="2024-08-26T22:24:09+03:00" level=info msg="coat.storage.GetAll: success" func="storage.go:45" file="github.com/Henus321/boney-james-go-backend/internal/domain/coat.(*db).GetAll()"
time="2024-08-26T22:24:09+03:00" level=info msg="coat.handler.GetAllCoats: success" func="handler.go:49" file="github.com/Henus321/boney-james-go-backend/internal/domain/coat.(*handler).GetAllCoats()"
time="2024-08-26T22:25:24+03:00" level=info msg="coat.storage.GetAll: success" func="storage.go:45" file="github.com/Henus321/boney-james-go-backend/internal/domain/coat.(*db).GetAll()"
time="2024-08-26T22:25:24+03:00" level=info msg="coat.handler.GetAllCoats: success" func="handler.go:49" file="github.com/Henus321/boney-james-go-backend/internal/domain/coat.(*handler).GetAllCoats()"
time="2024-08-26T22:25:28+03:00" level=info msg="router init" func="main.go:20" file="main.main()"
time="2024-08-26T22:25:28+03:00" level=info msg="config init" func="main.go:23" file="main.main()"
time="2024-08-26T22:25:28+03:00" level=info msg="read application config" func="config.go:32" file="github.com/Henus321/boney-james-go-backend/internal/config.GetConfig.func1()"
time="2024-08-26T22:25:28+03:00" level=info msg="db init" func="main.go:26" file="main.main()"
time="2024-08-26T22:25:28+03:00" level=info msg="coat handler register" func="main.go:35" file="main.main()"
time="2024-08-26T22:25:28+03:00" level=info msg="start application" func="main.go:43" file="main.start()"
time="2024-08-26T22:25:28+03:00" level=info msg="server running on http://127.0.0.1:8080" func="main.go:57" file="main.start()"
time="2024-08-26T22:25:33+03:00" level=info msg="coat.storage.GetAll: success" func="storage.go:45" file="github.com/Henus321/boney-james-go-backend/internal/domain/coat.(*db).GetAll()"
time="2024-08-26T22:25:33+03:00" level=info msg="coat.handler.GetAllCoats: success" func="handler.go:49" file="github.com/Henus321/boney-james-go-backend/internal/domain/coat.(*handler).GetAllCoats()"
time="2024-08-26T22:26:52+03:00" level=error msg="coat.handler.CreateCoatjson: cannot unmarshal array into Go value of type coat.CreateCoatDTO" func="handler.go:72" file="github.com/Henus321/boney-james-go-backend/internal/domain/coat.(*handler).CreateCoat()"
time="2024-08-26T22:27:17+03:00" level=info msg="coat.storage.Create: success" func="storage.go:89" file="github.com/Henus321/boney-james-go-backend/internal/domain/coat.(*db).Create()"
time="2024-08-26T22:27:17+03:00" level=info msg="coat.handler.CreateCoat: success" func="handler.go:92" file="github.com/Henus321/boney-james-go-backend/internal/domain/coat.(*handler).CreateCoat()"
time="2024-08-26T22:27:30+03:00" level=info msg="coat.storage.Create: success" func="storage.go:89" file="github.com/Henus321/boney-james-go-backend/internal/domain/coat.(*db).Create()"
time="2024-08-26T22:27:30+03:00" level=info msg="coat.handler.CreateCoat: success" func="handler.go:92" file="github.com/Henus321/boney-james-go-backend/internal/domain/coat.(*handler).CreateCoat()"
time="2024-08-26T22:27:34+03:00" level=info msg="coat.storage.GetAll: success" func="storage.go:45" file="github.com/Henus321/boney-james-go-backend/internal/domain/coat.(*db).GetAll()"
time="2024-08-26T22:27:34+03:00" level=info msg="coat.handler.GetAllCoats: success" func="handler.go:49" file="github.com/Henus321/boney-james-go-backend/internal/domain/coat.(*handler).GetAllCoats()"
